array (
  '_token' => '7oxfB1T35YN2ti7uvYw06ad3VXxnv2cGnr4LnjjE',
  'name' => 'privetvsem',
  'email' => 'testinghuesting@mailforspam.com',
  'password' => 'privetvsem',
  'password_confirmation' => 'privetvsem',
  'captcha' => 'AEQbU',
)array (
  '_token' => '51LWQxDZv82D17saYr9QgEcKzbxj9xqvIdNXxWYt',
  'name' => 'Natusik024',
  'email' => 'sasha1978404@gmail.com',
  'password' => '1978ALEKSANDR7819',
  'password_confirmation' => '1978ALEKSANDR7819',
  'captcha' => 'hcpnd',
)array (
  '_token' => 'r9ZEoftpjH9M2cPEFxNGhZLCwpM4KLBRHmdlZdew',
  'name' => 'Chipka',
  'email' => 'Chipka18@spaces.ru',
  'password' => 'chipka18',
  'password_confirmation' => 'chipka18',
  'captcha' => 'X2gzf',
)array (
  '_token' => 'yifhcOK5bZfDtXlag8vgMPbyx0S6JjIiQGEiioAw',
  'name' => '_XxXx_xXxX_',
  'email' => 'Ur5@spaces.ru',
  'password' => '16012210m',
  'password_confirmation' => '16012210m',
  'captcha' => 'qTdEd',
)array (
  '_token' => '97bgwhkoqbfGrn2KOVd5jtlOcJj20WREAFW4txuE',
  'name' => 'LarryRes',
  'email' => 't.ined.o.l@artquery.info',
  'password' => 's^6ya9Sk1xK',
  'password_confirmation' => 's^6ya9Sk1xK',
  'captcha' => 'gdr9e',
  'submit' => '',
)array (
  '_token' => '0pwO3YylB1QrxP5W8TbgMzY48HsGjokLQOAtaRZa',
  'name' => 'Andreyot',
  'email' => 'mo.n@spbdyet.ru',
  'password' => '77Rndy2kaB',
  'password_confirmation' => '77Rndy2kaB',
  'captcha' => 'cu7nd',
  'submit' => '',
)array (
  '_token' => 'Sq0tiUIfAzWJkjqfNR0T5d7C12MLTMx9RoaMUkoR',
  'name' => 'overt',
  'email' => 'overt@bk.ru',
  'password' => 'ljcneg',
  'password_confirmation' => 'ljcneg',
  'captcha' => 'NT979',
)array (
  '_token' => 'CMTz9XWRDv1IRgMmgGadSIK0S0t7ZNJkajwqjOY6',
  'name' => 'testinghuesitng1',
  'email' => 'testinghuesting1@mailforspam.com',
  'password' => 'testinghuesting1@mailforspam.com',
  'password_confirmation' => 'testinghuesting1@mailforspam.com',
  'captcha' => 'MDBNR',
)array (
  '_token' => 'ZH5TWm3gM9pCXgi0tTG5jAj8YQR8jEDaXZChdATq',
  'name' => 'm.kidirov1987',
  'email' => 'kidirov1987@gmail.com',
  'password' => 'I9k7hnv5sR',
  'password_confirmation' => 'I9k7hnv5sR',
  'captcha' => 'ypamf',
  'submit' => '',
)array (
  '_token' => 'mrE3PRz8Wq5oYlEhIymMevBufIIrXAXctCvScdYt',
  'name' => 'sanhvcnon',
  'email' => 'bolonkamin@yandex.ru',
  'password' => 'ryLf1v9f@5C',
  'password_confirmation' => 'ryLf1v9f@5C',
  'captcha' => 'm4fyq',
  'submit' => '',
)